8<--- cut here ---
Unhandled fault: page domain fault (0x01b) at 0x00000024
pgd = (ptrval)
[00000024] *pgd=41b1f835, *pte=00000000, *ppte=00000000
Internal error: : 1b [#1] PREEMPT SMP ARM
Modules linked in: ptdump(O) [last unloaded: ptdump]
CPU: 1 PID: 144 Comm: cat Tainted: G           O      5.13.0 #12
Hardware name: Generic DT based system
PC is at ptdump_walk_pgd+0x48/0xac [ptdump]
LR is at ptdump_walk_pgd+0x34/0xac [ptdump]
pc : [<7f000510>]    lr : [<7f0004fc>]    psr: 400a0113
sp : 8130fda8  ip : 8130fde0  fp : 00000001
r10: 00400cc0  r9 : 81a58018  r8 : 8130fe68
r7 : 8130e000  r6 : 81a58000  r5 : 00000000  r4 : 7f0020d0
r3 : 7f002090  r2 : 00000000  r1 : ffffffff  r0 : 8130fdc0
Flags: nZcv  IRQs on  FIQs on  Mode SVC_32  ISA ARM  Segment none
Control: 10c5387d  Table: 41a9406a  DAC: 00000051
Register r0 information: non-slab/vmalloc memory
Register r1 information: non-paged memory
Register r2 information: NULL pointer
Register r3 information: 4-page vmalloc region starting at 0x7f000000 allocated at load_module+0x984/0x28d8
Register r4 information: 4-page vmalloc region starting at 0x7f000000 allocated at load_module+0x984/0x28d8
Register r5 information: NULL pointer
Register r6 information: slab kernfs_iattrs_cache start 81a58000 pointer offset 0
Register r7 information: non-slab/vmalloc memory
Register r8 information: non-slab/vmalloc memory
Register r9 information: slab kernfs_iattrs_cache start 81a58000 pointer offset 24
Register r10 information: non-paged memory
Register r11 information: non-paged memory
Register r12 information: non-slab/vmalloc memory
Process cat (pid: 144, stack limit = 0x(ptrval))
Stack: (0x8130fda8 to 0x81310000)
fda0:                   8130fdc0 00000800 ffff1030 bebcafb4 81a58000 7f002090
fdc0: 00000000 ffffffff 00000000 00000000 00000000 00000000 00000000 00000000
fde0: 8130fdf8 bebcafb4 81a58000 81a58000 7f0020d0 8130fe80 8130ff78 7f000770
fe00: 4000406a 8130fe68 00000000 81a58000 00000000 802b60d0 00000000 81a58028
fe20: 8130e000 81a59010 8130fe40 8130e000 8103ac00 81b13cc0 00000000 8130e000
fe40: 8130ff78 00001000 00000000 00000000 8043b5fc 802b6574 00001000 81b13cc0
fe60: 7ee07c70 00001000 00000004 00000000 00001000 8130fe60 00000001 802c2918
fe80: 81b13cc0 00000000 00000000 00000000 00000000 00000000 00000000 00000000
fea0: 00000000 00000000 40bcb75f bebcafb4 802b6480 81b13cc0 7ee07c70 00001000
fec0: 8171e770 8130ff78 00001000 8043b650 81b13cc0 8130e000 8130ff78 00000001
fee0: 00000000 7ee07c70 00001000 8028b33c 00000000 00000000 00000255 bebcafb4
ff00: 81b13cc0 8130e000 00000000 8028add4 01000000 00000000 00000000 bebcafb4
ff20: 00000000 00000001 81a59cc0 00000000 00000000 00000000 00000000 00000000
ff40: 80ce1660 bebcafb4 8130e000 bebcafb4 8130e000 81b13cc0 81b13cc0 8130e000
ff60: 7ee07c70 00000000 00000000 00000003 00000000 8028b9d0 00000000 00000000
ff80: 00000000 bebcafb4 01000000 00000003 00000000 76f0d080 00000003 80100264
ffa0: 8130e000 80100060 00000003 00000000 00000003 7ee07c70 00001000 00000000
ffc0: 00000003 00000000 76f0d080 00000003 00001000 01000000 00000003 00000000
ffe0: 00000003 7ee07c30 76e5c00f 76de7766 800a0130 00000003 00000000 00000000
[<7f000510>] (ptdump_walk_pgd [ptdump]) from [<7f000770>] (ptdump_show+0x9c/0xa8 [ptdump])
[<7f000770>] (ptdump_show [ptdump]) from [<802b60d0>] (seq_read_iter+0x1a4/0x554)
[<802b60d0>] (seq_read_iter) from [<802b6574>] (seq_read+0xf4/0x138)
[<802b6574>] (seq_read) from [<8043b650>] (full_proxy_read+0x54/0x84)
[<8043b650>] (full_proxy_read) from [<8028b33c>] (vfs_read+0xac/0x2c4)
[<8028b33c>] (vfs_read) from [<8028b9d0>] (ksys_read+0x64/0xdc)
[<8028b9d0>] (ksys_read) from [<80100060>] (ret_fast_syscall+0x0/0x58)
Exception stack(0x8130ffa8 to 0x8130fff0)
ffa0:                   00000003 00000000 00000003 7ee07c70 00001000 00000000
ffc0: 00000003 00000000 76f0d080 00000003 00001000 01000000 00000003 00000000
ffe0: 00000003 7ee07c30 76e5c00f 76de7766
Code: e58d6010 e3e01000 e58d3014 e58d101c (e5924024) 
---[ end trace 281e91abcd630021 ]---
